[INFO] Scanning for projects...
[INFO] 
[INFO] ---------------------< com.twitter:eureka-server >----------------------
[INFO] Building  0.0.1-SNAPSHOT
[INFO]   from pom.xml
[INFO] --------------------------------[ jar ]---------------------------------
[INFO] 
[INFO] >>> spring-boot:4.0.7:run (default-cli) > test-compile @ eureka-server >>>
[INFO] 
[INFO] --- resources:3.3.1:resources (default-resources) @ eureka-server ---
[INFO] Copying 1 resource from src/main/resources to target/classes
[INFO] Copying 0 resource from src/main/resources to target/classes
[INFO] 
[INFO] --- compiler:3.14.1:compile (default-compile) @ eureka-server ---
[INFO] Nothing to compile - all classes are up to date.
[INFO] 
[INFO] --- resources:3.3.1:testResources (default-testResources) @ eureka-server ---
[INFO] skip non existing resourceDirectory /home/kadiyam-likith/Documents/projects/Twitter-X/eureka-server/src/test/resources
[INFO] 
[INFO] --- compiler:3.14.1:testCompile (default-testCompile) @ eureka-server ---
[INFO] Nothing to compile - all classes are up to date.
[INFO] 
[INFO] <<< spring-boot:4.0.7:run (default-cli) < test-compile @ eureka-server <<<
[INFO] 
[INFO] 
[INFO] --- spring-boot:4.0.7:run (default-cli) @ eureka-server ---
[INFO] Attaching agents: []

  .   ____          _            __ _ _
 /\\ / ___'_ __ _ _(_)_ __  __ _ \ \ \ \
( ( )\___ | '_ | '_| | '_ \/ _` | \ \ \ \
 \\/  ___)| |_)| | | | | || (_| |  ) ) ) )
  '  |____| .__|_| |_|_| |_\__, | / / / /
 =========|_|==============|___/=/_/_/_/

 :: Spring Boot ::                (v4.0.7)

2026-06-23T20:56:42.710+05:30  INFO 41918 --- [eureka-server] [  restartedMain] c.t.e.EurekaServerApplication            : Starting EurekaServerApplication using Java 25.0.3 with PID 41918 (/home/kadiyam-likith/Documents/projects/Twitter-X/eureka-server/target/classes started by kadiyam-likith in /home/kadiyam-likith/Documents/projects/Twitter-X/eureka-server)
2026-06-23T20:56:42.711+05:30  INFO 41918 --- [eureka-server] [  restartedMain] c.t.e.EurekaServerApplication            : No active profile set, falling back to 1 default profile: "default"
2026-06-23T20:56:42.734+05:30  INFO 41918 --- [eureka-server] [  restartedMain] .e.DevToolsPropertyDefaultsPostProcessor : Devtools property defaults active! Set 'spring.devtools.add-properties' to 'false' to disable
2026-06-23T20:56:42.734+05:30  INFO 41918 --- [eureka-server] [  restartedMain] .e.DevToolsPropertyDefaultsPostProcessor : For additional web related logging consider setting the 'logging.level.web' property to 'DEBUG'
2026-06-23T20:56:43.192+05:30  INFO 41918 --- [eureka-server] [  restartedMain] o.s.cloud.context.scope.GenericScope     : BeanFactory id=653d5962-9e83-323e-bfeb-3134cbb63709
2026-06-23T20:56:43.382+05:30  INFO 41918 --- [eureka-server] [  restartedMain] o.s.boot.tomcat.TomcatWebServer          : Tomcat initialized with port 8761 (http)
2026-06-23T20:56:43.388+05:30  INFO 41918 --- [eureka-server] [  restartedMain] o.apache.catalina.core.StandardService   : Starting service [Tomcat]
2026-06-23T20:56:43.389+05:30  INFO 41918 --- [eureka-server] [  restartedMain] o.apache.catalina.core.StandardEngine    : Starting Servlet engine: [Apache Tomcat/11.0.22]
2026-06-23T20:56:43.407+05:30  INFO 41918 --- [eureka-server] [  restartedMain] b.w.c.s.WebApplicationContextInitializer : Root WebApplicationContext: initialization completed in 672 ms
2026-06-23T20:56:43.841+05:30  INFO 41918 --- [eureka-server] [  restartedMain] c.n.d.provider.DiscoveryJerseyProvider   : Using JSON encoding codec LegacyJacksonJson
2026-06-23T20:56:43.841+05:30  INFO 41918 --- [eureka-server] [  restartedMain] c.n.d.provider.DiscoveryJerseyProvider   : Using JSON decoding codec LegacyJacksonJson
WARNING: A terminally deprecated method in sun.misc.Unsafe has been called
WARNING: sun.misc.Unsafe::objectFieldOffset has been called by com.thoughtworks.xstream.converters.reflection.SunUnsafeReflectionProvider (file:/home/kadiyam-likith/.m2/repository/com/thoughtworks/xstream/xstream/1.4.21/xstream-1.4.21.jar)
WARNING: Please consider reporting this to the maintainers of class com.thoughtworks.xstream.converters.reflection.SunUnsafeReflectionProvider
WARNING: sun.misc.Unsafe::objectFieldOffset will be removed in a future release
2026-06-23T20:56:43.948+05:30  INFO 41918 --- [eureka-server] [  restartedMain] c.n.d.provider.DiscoveryJerseyProvider   : Using XML encoding codec XStreamXml
2026-06-23T20:56:43.948+05:30  INFO 41918 --- [eureka-server] [  restartedMain] c.n.d.provider.DiscoveryJerseyProvider   : Using XML decoding codec XStreamXml
2026-06-23T20:56:44.026+05:30  INFO 41918 --- [eureka-server] [  restartedMain] o.s.v.b.OptionalValidatorFactoryBean     : Failed to set up a Bean Validation provider: jakarta.validation.NoProviderFoundException: Unable to create a Configuration, because no Jakarta Validation provider could be found. Add a provider like Hibernate Validator (RI) to your classpath.
2026-06-23T20:56:44.318+05:30  WARN 41918 --- [eureka-server] [  restartedMain] iguration$LoadBalancerCaffeineWarnLogger : Spring Cloud LoadBalancer is currently working with the default cache. While this cache implementation is useful for development and tests, it's recommended to use Caffeine cache in production.You can switch to using Caffeine cache, by adding it and org.springframework.cache.caffeine.CaffeineCacheManager to the classpath.
2026-06-23T20:56:44.328+05:30  INFO 41918 --- [eureka-server] [  restartedMain] o.s.c.n.eureka.InstanceInfoFactory       : Setting initial instance status as: STARTING
2026-06-23T20:56:44.336+05:30  INFO 41918 --- [eureka-server] [  restartedMain] com.netflix.discovery.DiscoveryClient    : Initializing Eureka in region us-east-1
2026-06-23T20:56:44.336+05:30  INFO 41918 --- [eureka-server] [  restartedMain] com.netflix.discovery.DiscoveryClient    : Client configured to neither register nor query for data.
2026-06-23T20:56:44.337+05:30  INFO 41918 --- [eureka-server] [  restartedMain] com.netflix.discovery.DiscoveryClient    : Discovery Client initialized at timestamp 1782228404337 with initial instances count: 0
2026-06-23T20:56:44.365+05:30  INFO 41918 --- [eureka-server] [  restartedMain] c.n.eureka.DefaultEurekaServerContext    : Initializing ...
2026-06-23T20:56:44.368+05:30  INFO 41918 --- [eureka-server] [  restartedMain] c.n.eureka.cluster.PeerEurekaNodes       : Adding new peer nodes [http://localhost:8761/eureka/]
2026-06-23T20:56:44.412+05:30  INFO 41918 --- [eureka-server] [  restartedMain] c.n.d.provider.DiscoveryJerseyProvider   : Using JSON encoding codec LegacyJacksonJson
2026-06-23T20:56:44.412+05:30  INFO 41918 --- [eureka-server] [  restartedMain] c.n.d.provider.DiscoveryJerseyProvider   : Using JSON decoding codec LegacyJacksonJson
2026-06-23T20:56:44.412+05:30  INFO 41918 --- [eureka-server] [  restartedMain] c.n.d.provider.DiscoveryJerseyProvider   : Using XML encoding codec XStreamXml
2026-06-23T20:56:44.412+05:30  INFO 41918 --- [eureka-server] [  restartedMain] c.n.d.provider.DiscoveryJerseyProvider   : Using XML decoding codec XStreamXml
2026-06-23T20:56:44.427+05:30  INFO 41918 --- [eureka-server] [  restartedMain] c.n.eureka.cluster.PeerEurekaNodes       : Replica node URL:  http://localhost:8761/eureka/
2026-06-23T20:56:44.430+05:30  INFO 41918 --- [eureka-server] [  restartedMain] c.n.e.registry.AbstractInstanceRegistry  : Finished initializing remote region registries. All known remote regions: []
2026-06-23T20:56:44.431+05:30  INFO 41918 --- [eureka-server] [  restartedMain] c.n.eureka.DefaultEurekaServerContext    : Initialized
2026-06-23T20:56:44.437+05:30  INFO 41918 --- [eureka-server] [  restartedMain] o.s.b.a.e.web.EndpointLinksResolver      : Exposing 1 endpoint beneath base path '/actuator'
2026-06-23T20:56:44.464+05:30  INFO 41918 --- [eureka-server] [  restartedMain] o.s.c.n.e.s.EurekaServiceRegistry        : Registering application EUREKA-SERVER with eureka with status UP
2026-06-23T20:56:44.471+05:30  INFO 41918 --- [eureka-server] [      Thread-13] o.s.c.n.e.server.EurekaServerBootstrap   : isAws returned false
2026-06-23T20:56:44.472+05:30  INFO 41918 --- [eureka-server] [      Thread-13] o.s.c.n.e.server.EurekaServerBootstrap   : Initialized server context
2026-06-23T20:56:44.472+05:30  INFO 41918 --- [eureka-server] [      Thread-13] c.n.e.r.PeerAwareInstanceRegistryImpl    : Got 1 instances from neighboring DS node
2026-06-23T20:56:44.472+05:30  INFO 41918 --- [eureka-server] [      Thread-13] c.n.e.r.PeerAwareInstanceRegistryImpl    : Renew threshold is: 1
2026-06-23T20:56:44.472+05:30  INFO 41918 --- [eureka-server] [      Thread-13] c.n.e.r.PeerAwareInstanceRegistryImpl    : Changing status to UP
2026-06-23T20:56:44.472+05:30  INFO 41918 --- [eureka-server] [  restartedMain] o.s.boot.tomcat.TomcatWebServer          : Tomcat started on port 8761 (http) with context path '/'
2026-06-23T20:56:44.473+05:30  INFO 41918 --- [eureka-server] [  restartedMain] .s.c.n.e.s.EurekaAutoServiceRegistration : Updating port to 8761
2026-06-23T20:56:44.474+05:30  INFO 41918 --- [eureka-server] [      Thread-13] e.s.EurekaServerInitializerConfiguration : Started Eureka Server
2026-06-23T20:56:44.484+05:30  INFO 41918 --- [eureka-server] [  restartedMain] c.t.e.EurekaServerApplication            : Started EurekaServerApplication in 1.979 seconds (process running for 2.344)
2026-06-23T20:56:56.415+05:30  INFO 41918 --- [eureka-server] [nio-8761-exec-1] o.a.c.c.C.[Tomcat].[localhost].[/]       : Initializing Spring DispatcherServlet 'dispatcherServlet'
2026-06-23T20:56:56.415+05:30  INFO 41918 --- [eureka-server] [nio-8761-exec-1] o.s.web.servlet.DispatcherServlet        : Initializing Servlet 'dispatcherServlet'
2026-06-23T20:56:56.416+05:30  INFO 41918 --- [eureka-server] [nio-8761-exec-1] o.s.web.servlet.DispatcherServlet        : Completed initialization in 1 ms
2026-06-23T20:56:56.644+05:30  INFO 41918 --- [eureka-server] [nio-8761-exec-2] c.n.e.registry.AbstractInstanceRegistry  : Registered instance API-GATEWAY/10.10.2.198:API-GATEWAY:8089 with status UP (replication=false)
2026-06-23T20:56:57.229+05:30  INFO 41918 --- [eureka-server] [nio-8761-exec-3] c.n.e.registry.AbstractInstanceRegistry  : Registered instance API-GATEWAY/10.10.2.198:API-GATEWAY:8089 with status UP (replication=true)
2026-06-23T20:57:10.991+05:30  INFO 41918 --- [eureka-server] [nio-8761-exec-5] c.n.e.registry.AbstractInstanceRegistry  : Registered instance MEDIA-SERVICE/10.10.2.198:MEDIA-SERVICE:8082 with status UP (replication=false)
2026-06-23T20:57:11.502+05:30  INFO 41918 --- [eureka-server] [nio-8761-exec-6] c.n.e.registry.AbstractInstanceRegistry  : Registered instance MEDIA-SERVICE/10.10.2.198:MEDIA-SERVICE:8082 with status UP (replication=true)
2026-06-23T20:57:12.492+05:30  INFO 41918 --- [eureka-server] [nio-8761-exec-8] c.n.e.registry.AbstractInstanceRegistry  : Registered instance NOTIFICATION-SERVICE/10.10.2.198:notification-service:8083 with status UP (replication=false)
2026-06-23T20:57:12.834+05:30  INFO 41918 --- [eureka-server] [io-8761-exec-10] c.n.e.registry.AbstractInstanceRegistry  : Registered instance AUTH-SERVICE/10.10.2.198:AUTH-SERVICE:8760 with status UP (replication=false)
2026-06-23T20:57:13.002+05:30  INFO 41918 --- [eureka-server] [nio-8761-exec-1] c.n.e.registry.AbstractInstanceRegistry  : Registered instance NOTIFICATION-SERVICE/10.10.2.198:notification-service:8083 with status UP (replication=true)
2026-06-23T20:57:13.003+05:30  INFO 41918 --- [eureka-server] [nio-8761-exec-1] c.n.e.registry.AbstractInstanceRegistry  : Registered instance AUTH-SERVICE/10.10.2.198:AUTH-SERVICE:8760 with status UP (replication=true)
2026-06-23T20:57:14.455+05:30  INFO 41918 --- [eureka-server] [nio-8761-exec-3] c.n.e.registry.AbstractInstanceRegistry  : Registered instance TWEET-SERVICE/10.10.2.198:TWEET-SERVICE:8085 with status UP (replication=false)
2026-06-23T20:57:14.965+05:30  INFO 41918 --- [eureka-server] [nio-8761-exec-5] c.n.e.registry.AbstractInstanceRegistry  : Registered instance TWEET-SERVICE/10.10.2.198:TWEET-SERVICE:8085 with status UP (replication=true)
2026-06-23T20:57:15.000+05:30  INFO 41918 --- [eureka-server] [nio-8761-exec-6] c.n.e.registry.AbstractInstanceRegistry  : Registered instance SOCIAL-SERVICE/10.10.2.198:SOCIAL-SERVICE:8084 with status UP (replication=false)
2026-06-23T20:57:15.512+05:30  INFO 41918 --- [eureka-server] [nio-8761-exec-7] c.n.e.registry.AbstractInstanceRegistry  : Registered instance SOCIAL-SERVICE/10.10.2.198:SOCIAL-SERVICE:8084 with status UP (replication=true)
2026-06-23T20:57:44.473+05:30  INFO 41918 --- [eureka-server] [a-EvictionTimer] c.n.e.registry.AbstractInstanceRegistry  : Running the evict task with compensationTime 0ms
2026-06-23T20:58:44.473+05:30  INFO 41918 --- [eureka-server] [a-EvictionTimer] c.n.e.registry.AbstractInstanceRegistry  : Running the evict task with compensationTime 0ms
2026-06-23T20:59:44.473+05:30  INFO 41918 --- [eureka-server] [a-EvictionTimer] c.n.e.registry.AbstractInstanceRegistry  : Running the evict task with compensationTime 0ms
2026-06-23T21:00:44.473+05:30  INFO 41918 --- [eureka-server] [a-EvictionTimer] c.n.e.registry.AbstractInstanceRegistry  : Running the evict task with compensationTime 0ms
2026-06-23T21:01:21.080+05:30  INFO 41918 --- [eureka-server] [io-8761-exec-10] c.n.e.registry.AbstractInstanceRegistry  : Registered instance TWEET-SERVICE/10.10.2.198:TWEET-SERVICE:8085 with status UP (replication=false)
2026-06-23T21:01:21.591+05:30  INFO 41918 --- [eureka-server] [nio-8761-exec-1] c.n.e.registry.AbstractInstanceRegistry  : Registered instance TWEET-SERVICE/10.10.2.198:TWEET-SERVICE:8085 with status UP (replication=true)
2026-06-23T21:01:44.473+05:30  INFO 41918 --- [eureka-server] [a-EvictionTimer] c.n.e.registry.AbstractInstanceRegistry  : Running the evict task with compensationTime 0ms
2026-06-23T21:02:44.474+05:30  INFO 41918 --- [eureka-server] [a-EvictionTimer] c.n.e.registry.AbstractInstanceRegistry  : Running the evict task with compensationTime 0ms
2026-06-23T21:03:44.473+05:30  INFO 41918 --- [eureka-server] [a-EvictionTimer] c.n.e.registry.AbstractInstanceRegistry  : Running the evict task with compensationTime 0ms
2026-06-23T21:04:44.473+05:30  INFO 41918 --- [eureka-server] [a-EvictionTimer] c.n.e.registry.AbstractInstanceRegistry  : Running the evict task with compensationTime 0ms
2026-06-23T21:05:44.473+05:30  INFO 41918 --- [eureka-server] [a-EvictionTimer] c.n.e.registry.AbstractInstanceRegistry  : Running the evict task with compensationTime 0ms
2026-06-23T21:06:23.362+05:30  INFO 41918 --- [eureka-server] [ionShutdownHook] o.s.c.n.e.s.EurekaServiceRegistry        : Unregistering application EUREKA-SERVER with eureka with status DOWN
2026-06-23T21:06:23.364+05:30  INFO 41918 --- [eureka-server] [ionShutdownHook] o.s.boot.tomcat.GracefulShutdown         : Commencing graceful shutdown. Waiting for active requests to complete
2026-06-23T21:06:23.367+05:30  INFO 41918 --- [eureka-server] [tomcat-shutdown] o.s.boot.tomcat.GracefulShutdown         : Graceful shutdown complete
2026-06-23T21:06:23.368+05:30  INFO 41918 --- [eureka-server] [ionShutdownHook] o.s.c.n.e.server.EurekaServerBootstrap   : Shutting down Eureka Server..
2026-06-23T21:06:23.369+05:30  INFO 41918 --- [eureka-server] [ionShutdownHook] c.n.eureka.DefaultEurekaServerContext    : Shutting down ...
2026-06-23T21:06:23.372+05:30  INFO 41918 --- [eureka-server] [ionShutdownHook] c.n.eureka.DefaultEurekaServerContext    : Shut down
2026-06-23T21:06:23.372+05:30  INFO 41918 --- [eureka-server] [ionShutdownHook] o.s.c.n.e.server.EurekaServerBootstrap   : Eureka Service is now shutdown...
2026-06-23T21:06:23.372+05:30  INFO 41918 --- [eureka-server] [ionShutdownHook] c.n.eureka.DefaultEurekaServerContext    : Shutting down ...
2026-06-23T21:06:23.372+05:30  INFO 41918 --- [eureka-server] [ionShutdownHook] c.n.eureka.DefaultEurekaServerContext    : Shut down
2026-06-23T21:06:23.369+05:30 ERROR 41918 --- [eureka-server] [t-Conn-Cleaner2] c.n.d.s.t.j.EurekaJersey3ClientImpl      : Cannot clean connections

java.lang.IllegalStateException: Client instance has been closed.
	at org.glassfish.jersey.internal.guava.Preconditions.checkState(Preconditions.java:169) ~[jersey-common-4.0.2.jar:na]
	at org.glassfish.jersey.client.JerseyClient.checkNotClosed(JerseyClient.java:248) ~[jersey-client-4.0.2.jar:na]
	at org.glassfish.jersey.client.JerseyClient.getConfiguration(JerseyClient.java:363) ~[jersey-client-4.0.2.jar:na]
	at org.glassfish.jersey.client.JerseyClient.getConfiguration(JerseyClient.java:54) ~[jersey-client-4.0.2.jar:na]
	at com.netflix.discovery.shared.transport.jersey3.EurekaJersey3ClientImpl$ConnectionCleanerTask.run(EurekaJersey3ClientImpl.java:338) ~[eureka-client-jersey3-2.0.6.jar:2.0.6]
	at java.base/java.util.concurrent.Executors$RunnableAdapter.call(Executors.java:545) ~[na:na]
	at java.base/java.util.concurrent.FutureTask.run(FutureTask.java:328) ~[na:na]
	at java.base/java.util.concurrent.ScheduledThreadPoolExecutor$ScheduledFutureTask.run(ScheduledThreadPoolExecutor.java:309) ~[na:na]
	at java.base/java.util.concurrent.ThreadPoolExecutor.runWorker(ThreadPoolExecutor.java:1090) ~[na:na]
	at java.base/java.util.concurrent.ThreadPoolExecutor$Worker.run(ThreadPoolExecutor.java:614) ~[na:na]
	at java.base/java.lang.Thread.run(Thread.java:1474) ~[na:na]

2026-06-23T21:06:23.377+05:30  INFO 41918 --- [eureka-server] [ionShutdownHook] com.netflix.discovery.DiscoveryClient    : Shutting down DiscoveryClient ...
2026-06-23T21:06:23.377+05:30  INFO 41918 --- [eureka-server] [ionShutdownHook] com.netflix.discovery.DiscoveryClient    : Completed shut down of DiscoveryClient
