[INFO] Scanning for projects...
[INFO] 
[INFO] ---------------------< com.twitter:media.service >----------------------
[INFO] Building  0.0.1-SNAPSHOT
[INFO]   from pom.xml
[INFO] --------------------------------[ jar ]---------------------------------
[INFO] 
[INFO] >>> spring-boot:4.0.7:run (default-cli) > test-compile @ media.service >>>
[INFO] 
[INFO] --- resources:3.3.1:resources (default-resources) @ media.service ---
[INFO] Copying 1 resource from src/main/resources to target/classes
[INFO] Copying 0 resource from src/main/resources to target/classes
[INFO] 
[INFO] --- compiler:3.14.1:compile (default-compile) @ media.service ---
[INFO] Nothing to compile - all classes are up to date.
[INFO] 
[INFO] --- resources:3.3.1:testResources (default-testResources) @ media.service ---
[INFO] skip non existing resourceDirectory /home/kadiyam-likith/Documents/projects/Twitter-X/media-service/src/test/resources
[INFO] 
[INFO] --- compiler:3.14.1:testCompile (default-testCompile) @ media.service ---
[INFO] Nothing to compile - all classes are up to date.
[INFO] 
[INFO] <<< spring-boot:4.0.7:run (default-cli) < test-compile @ media.service <<<
[INFO] 
[INFO] 
[INFO] --- spring-boot:4.0.7:run (default-cli) @ media.service ---
[INFO] Attaching agents: []

  .   ____          _            __ _ _
 /\\ / ___'_ __ _ _(_)_ __  __ _ \ \ \ \
( ( )\___ | '_ | '_| | '_ \/ _` | \ \ \ \
 \\/  ___)| |_)| | | | | || (_| |  ) ) ) )
  '  |____| .__|_| |_|_| |_\__, | / / / /
 =========|_|==============|___/=/_/_/_/

 :: Spring Boot ::                (v4.0.7)

2026-06-23T20:57:05.250+05:30  INFO 43218 --- [MEDIA-SERVICE] [  restartedMain] com.twitter.media.service.Application    : Starting Application using Java 25.0.3 with PID 43218 (/home/kadiyam-likith/Documents/projects/Twitter-X/media-service/target/classes started by kadiyam-likith in /home/kadiyam-likith/Documents/projects/Twitter-X/media-service)
2026-06-23T20:57:05.254+05:30  INFO 43218 --- [MEDIA-SERVICE] [  restartedMain] com.twitter.media.service.Application    : No active profile set, falling back to 1 default profile: "default"
2026-06-23T20:57:05.380+05:30  INFO 43218 --- [MEDIA-SERVICE] [  restartedMain] .e.DevToolsPropertyDefaultsPostProcessor : Devtools property defaults active! Set 'spring.devtools.add-properties' to 'false' to disable
2026-06-23T20:57:05.384+05:30  INFO 43218 --- [MEDIA-SERVICE] [  restartedMain] .e.DevToolsPropertyDefaultsPostProcessor : For additional web related logging consider setting the 'logging.level.web' property to 'DEBUG'
2026-06-23T20:57:06.869+05:30  INFO 43218 --- [MEDIA-SERVICE] [  restartedMain] .s.d.r.c.RepositoryConfigurationDelegate : Bootstrapping Spring Data JPA repositories in DEFAULT mode.
2026-06-23T20:57:07.022+05:30  INFO 43218 --- [MEDIA-SERVICE] [  restartedMain] .s.d.r.c.RepositoryConfigurationDelegate : Finished Spring Data repository scanning in 146 ms. Found 1 JPA repository interface.
2026-06-23T20:57:07.356+05:30  INFO 43218 --- [MEDIA-SERVICE] [  restartedMain] o.s.cloud.context.scope.GenericScope     : BeanFactory id=4fd81b1a-0f06-3a87-be83-fc2ab56bc04a
2026-06-23T20:57:07.979+05:30  INFO 43218 --- [MEDIA-SERVICE] [  restartedMain] o.s.boot.tomcat.TomcatWebServer          : Tomcat initialized with port 8082 (http)
2026-06-23T20:57:07.999+05:30  INFO 43218 --- [MEDIA-SERVICE] [  restartedMain] o.apache.catalina.core.StandardService   : Starting service [Tomcat]
2026-06-23T20:57:07.999+05:30  INFO 43218 --- [MEDIA-SERVICE] [  restartedMain] o.apache.catalina.core.StandardEngine    : Starting Servlet engine: [Apache Tomcat/11.0.22]
2026-06-23T20:57:08.051+05:30  INFO 43218 --- [MEDIA-SERVICE] [  restartedMain] b.w.c.s.WebApplicationContextInitializer : Root WebApplicationContext: initialization completed in 2665 ms
2026-06-23T20:57:08.305+05:30  INFO 43218 --- [MEDIA-SERVICE] [  restartedMain] org.hibernate.orm.jpa                    : HHH008540: Processing PersistenceUnitInfo [name: default]
2026-06-23T20:57:08.335+05:30  INFO 43218 --- [MEDIA-SERVICE] [  restartedMain] org.hibernate.orm.core                   : HHH000001: Hibernate ORM core version 7.2.19.Final
2026-06-23T20:57:08.759+05:30  INFO 43218 --- [MEDIA-SERVICE] [  restartedMain] o.s.o.j.p.SpringPersistenceUnitInfo      : No LoadTimeWeaver setup: ignoring JPA class transformer
2026-06-23T20:57:08.790+05:30  INFO 43218 --- [MEDIA-SERVICE] [  restartedMain] com.zaxxer.hikari.HikariDataSource       : HikariPool-1 - Starting...
2026-06-23T20:57:08.927+05:30  INFO 43218 --- [MEDIA-SERVICE] [  restartedMain] com.zaxxer.hikari.pool.HikariPool        : HikariPool-1 - Added connection org.postgresql.jdbc.PgConnection@6ff0d8c0
2026-06-23T20:57:08.929+05:30  INFO 43218 --- [MEDIA-SERVICE] [  restartedMain] com.zaxxer.hikari.HikariDataSource       : HikariPool-1 - Start completed.
2026-06-23T20:57:08.988+05:30  INFO 43218 --- [MEDIA-SERVICE] [  restartedMain] org.hibernate.orm.connections.pooling    : HHH10001005: Database info:
	Database JDBC URL [jdbc:postgresql://localhost:5433/media-service]
	Database driver: PostgreSQL JDBC Driver
	Database dialect: PostgreSQLDialect
	Database version: 17.10
	Default catalog/schema: media-service/public
	Autocommit mode: undefined/unknown
	Isolation level: READ_COMMITTED [default READ_COMMITTED]
	JDBC fetch size: none
	Pool: DataSourceConnectionProvider
	Minimum pool size: undefined/unknown
	Maximum pool size: undefined/unknown
2026-06-23T20:57:09.605+05:30  INFO 43218 --- [MEDIA-SERVICE] [  restartedMain] org.hibernate.orm.core                   : HHH000489: No JTA platform available (set 'hibernate.transaction.jta.platform' to enable JTA platform integration)
2026-06-23T20:57:09.640+05:30  INFO 43218 --- [MEDIA-SERVICE] [  restartedMain] j.LocalContainerEntityManagerFactoryBean : Initialized JPA EntityManagerFactory for persistence unit 'default'
2026-06-23T20:57:09.915+05:30  INFO 43218 --- [MEDIA-SERVICE] [  restartedMain] o.s.d.j.r.query.QueryEnhancerFactories   : Hibernate is in classpath; If applicable, HQL parser will be used.
2026-06-23T20:57:10.026+05:30  WARN 43218 --- [MEDIA-SERVICE] [  restartedMain] JpaBaseConfiguration$JpaWebConfiguration : spring.jpa.open-in-view is enabled by default. Therefore, database queries may be performed during view rendering. Explicitly configure spring.jpa.open-in-view to disable this warning
2026-06-23T20:57:10.494+05:30  INFO 43218 --- [MEDIA-SERVICE] [  restartedMain] DiscoveryClientOptionalArgsConfiguration : Eureka HTTP Client uses RestClient.
2026-06-23T20:57:10.532+05:30  WARN 43218 --- [MEDIA-SERVICE] [  restartedMain] iguration$LoadBalancerCaffeineWarnLogger : Spring Cloud LoadBalancer is currently working with the default cache. While this cache implementation is useful for development and tests, it's recommended to use Caffeine cache in production.You can switch to using Caffeine cache, by adding it and org.springframework.cache.caffeine.CaffeineCacheManager to the classpath.
2026-06-23T20:57:10.589+05:30  INFO 43218 --- [MEDIA-SERVICE] [  restartedMain] o.s.c.n.eureka.InstanceInfoFactory       : Setting initial instance status as: STARTING
2026-06-23T20:57:10.616+05:30  INFO 43218 --- [MEDIA-SERVICE] [  restartedMain] com.netflix.discovery.DiscoveryClient    : Initializing Eureka in region us-east-1
2026-06-23T20:57:10.619+05:30  INFO 43218 --- [MEDIA-SERVICE] [  restartedMain] c.n.d.s.r.aws.ConfigClusterResolver      : Resolving eureka endpoints via configuration
2026-06-23T20:57:10.628+05:30  INFO 43218 --- [MEDIA-SERVICE] [  restartedMain] com.netflix.discovery.DiscoveryClient    : Disable delta property : false
2026-06-23T20:57:10.628+05:30  INFO 43218 --- [MEDIA-SERVICE] [  restartedMain] com.netflix.discovery.DiscoveryClient    : Single vip registry refresh property : null
2026-06-23T20:57:10.628+05:30  INFO 43218 --- [MEDIA-SERVICE] [  restartedMain] com.netflix.discovery.DiscoveryClient    : Force full registry fetch : false
2026-06-23T20:57:10.628+05:30  INFO 43218 --- [MEDIA-SERVICE] [  restartedMain] com.netflix.discovery.DiscoveryClient    : Application is null : false
2026-06-23T20:57:10.628+05:30  INFO 43218 --- [MEDIA-SERVICE] [  restartedMain] com.netflix.discovery.DiscoveryClient    : Registered Applications size is zero : true
2026-06-23T20:57:10.629+05:30  INFO 43218 --- [MEDIA-SERVICE] [  restartedMain] com.netflix.discovery.DiscoveryClient    : Application version is -1: true
2026-06-23T20:57:10.629+05:30  INFO 43218 --- [MEDIA-SERVICE] [  restartedMain] com.netflix.discovery.DiscoveryClient    : Getting all instance registry info from the eureka server
2026-06-23T20:57:10.940+05:30  INFO 43218 --- [MEDIA-SERVICE] [  restartedMain] com.netflix.discovery.DiscoveryClient    : The response status is 200
2026-06-23T20:57:10.942+05:30  INFO 43218 --- [MEDIA-SERVICE] [  restartedMain] com.netflix.discovery.DiscoveryClient    : Starting heartbeat executor: renew interval is: 30
2026-06-23T20:57:10.943+05:30  INFO 43218 --- [MEDIA-SERVICE] [  restartedMain] c.n.discovery.InstanceInfoReplicator     : InstanceInfoReplicator onDemand update allowed rate per min is 4
2026-06-23T20:57:10.945+05:30  INFO 43218 --- [MEDIA-SERVICE] [  restartedMain] com.netflix.discovery.DiscoveryClient    : Discovery Client initialized at timestamp 1782228430944 with initial instances count: 1
2026-06-23T20:57:10.949+05:30  INFO 43218 --- [MEDIA-SERVICE] [  restartedMain] o.s.c.n.e.s.EurekaServiceRegistry        : Registering application MEDIA-SERVICE with eureka with status UP
2026-06-23T20:57:10.950+05:30  INFO 43218 --- [MEDIA-SERVICE] [  restartedMain] com.netflix.discovery.DiscoveryClient    : Saw local status change event StatusChangeEvent [timestamp=1782228430950, current=UP, previous=STARTING]
2026-06-23T20:57:10.951+05:30  INFO 43218 --- [MEDIA-SERVICE] [foReplicator-%d] com.netflix.discovery.DiscoveryClient    : DiscoveryClient_MEDIA-SERVICE/10.10.2.198:MEDIA-SERVICE:8082: registering service...
2026-06-23T20:57:10.966+05:30  INFO 43218 --- [MEDIA-SERVICE] [  restartedMain] o.s.boot.tomcat.TomcatWebServer          : Tomcat started on port 8082 (http) with context path '/'
2026-06-23T20:57:10.967+05:30  INFO 43218 --- [MEDIA-SERVICE] [  restartedMain] .s.c.n.e.s.EurekaAutoServiceRegistration : Updating port to 8082
2026-06-23T20:57:10.983+05:30  INFO 43218 --- [MEDIA-SERVICE] [  restartedMain] com.twitter.media.service.Application    : Started Application in 6.397 seconds (process running for 7.448)
2026-06-23T20:57:10.993+05:30  INFO 43218 --- [MEDIA-SERVICE] [foReplicator-%d] com.netflix.discovery.DiscoveryClient    : DiscoveryClient_MEDIA-SERVICE/10.10.2.198:MEDIA-SERVICE:8082 - registration status: 204
2026-06-23T21:02:10.630+05:30  INFO 43218 --- [MEDIA-SERVICE] [rap-executor-%d] c.n.d.s.r.aws.ConfigClusterResolver      : Resolving eureka endpoints via configuration
[INFO] ------------------------------------------------------------------------
[INFO] BUILD FAILURE
[INFO] ------------------------------------------------------------------------
[INFO] Total time:  08:30 min
[INFO] Finished at: 2026-06-23T21:05:30+05:30
[INFO] ------------------------------------------------------------------------
[ERROR] Failed to execute goal org.springframework.boot:spring-boot-maven-plugin:4.0.7:run (default-cli) on project media.service: Process terminated with exit code: 137 -> [Help 1]
[ERROR] 
[ERROR] To see the full stack trace of the errors, re-run Maven with the -e switch.
[ERROR] Re-run Maven using the -X switch to enable full debug logging.
[ERROR] 
[ERROR] For more information about the errors and possible solutions, please read the following articles:
[ERROR] [Help 1] http://cwiki.apache.org/confluence/display/MAVEN/MojoExecutionException
